\BOOKMARK [1][-]{section.1}{综述}{}% 1
\BOOKMARK [1][-]{section.2}{第1章}{}% 2
\BOOKMARK [2][-]{subsection.2.1}{题目1}{section.2}% 3
\BOOKMARK [2][-]{subsection.2.2}{题目2}{section.2}% 4
\BOOKMARK [1][-]{section.3}{第2章}{}% 5
\BOOKMARK [2][-]{subsection.3.1}{题目1}{section.3}% 6
\BOOKMARK [2][-]{subsection.3.2}{题目2}{section.3}% 7
\BOOKMARK [2][-]{subsection.3.3}{题目3}{section.3}% 8
\BOOKMARK [2][-]{subsection.3.4}{题目4}{section.3}% 9
\BOOKMARK [1][-]{section.4}{第三章}{}% 10
\BOOKMARK [2][-]{subsection.4.1}{题目1}{section.4}% 11
\BOOKMARK [3][-]{subsubsection.4.1.1}{题目1.1}{subsection.4.1}% 12
\BOOKMARK [3][-]{subsubsection.4.1.2}{题目1.2}{subsection.4.1}% 13
\BOOKMARK [2][-]{subsection.4.2}{题目2}{section.4}% 14
\BOOKMARK [2][-]{subsection.4.3}{题目3}{section.4}% 15
\BOOKMARK [1][-]{section.5}{第四章}{}% 16
\BOOKMARK [2][-]{subsection.5.1}{题目1}{section.5}% 17
\BOOKMARK [1][-]{section.6}{第五章}{}% 18
\BOOKMARK [2][-]{subsection.6.1}{题目1}{section.6}% 19
\BOOKMARK [2][-]{subsection.6.2}{题目2}{section.6}% 20
\BOOKMARK [2][-]{subsection.6.3}{题目3}{section.6}% 21
\BOOKMARK [3][-]{subsubsection.6.3.1}{Simpson公式求解}{subsection.6.3}% 22
\BOOKMARK [3][-]{subsubsection.6.3.2}{复合梯形公式求解}{subsection.6.3}% 23
\BOOKMARK [1][-]{section.7}{第六章}{}% 24
\BOOKMARK [2][-]{subsection.7.1}{题目1}{section.7}% 25
\BOOKMARK [2][-]{subsection.7.2}{题目2}{section.7}% 26
\BOOKMARK [1][-]{section.8}{第七章}{}% 27
\BOOKMARK [2][-]{subsection.8.1}{题目1}{section.8}% 28
\BOOKMARK [1][-]{section.9}{第八章}{}% 29
\BOOKMARK [2][-]{subsection.9.1}{题目1}{section.9}% 30
\BOOKMARK [2][-]{subsection.9.2}{题目2}{section.9}% 31
\BOOKMARK [1][-]{section.10}{作业}{}% 32
\BOOKMARK [1][-]{section.11}{总结}{}% 33
